<?xml version="1.0" encoding="UTF-8"?>
<!-- Generated by org.testng.reporters.JUnitReportReporter -->
<testsuite hostname="GOPINATH-LAPTOP" failures="0" tests="3" name="execution.Login" time="47.924" errors="0" timestamp="2022-02-16T16:30:13 IST" skipped="1">
  <testcase classname="execution.Login" name="Logintest" time="23.104"/>
  <system-out/>
  <testcase classname="execution.Login" name="Logintest" time="24.820"/>
  <system-out/>
  <testcase classname="execution.Login" name="Invalid_Logintest">
    <skipped/>
  </testcase> <!-- Invalid_Logintest -->
  <system-out/>
</testsuite> <!-- execution.Login -->
