<?xml version="1.0" encoding="UTF-8"?>
<!-- Generated by org.testng.reporters.JUnitReportReporter -->
<testsuite hostname="GOPINATH-LAPTOP" failures="0" tests="15" name="execution.Execution" time="45.216" errors="0" timestamp="2022-02-14T16:35:20 IST" skipped="14">
  <testcase classname="execution.Execution" name="Manual_upload" time="45.216"/>
  <system-out/>
  <testcase classname="execution.Execution" name="ProductList_Mineralpattern">
    <skipped/>
  </testcase> <!-- ProductList_Mineralpattern -->
  <system-out/>
  <testcase classname="execution.Execution" name="ProductList_Naturespattern">
    <skipped/>
  </testcase> <!-- ProductList_Naturespattern -->
  <system-out/>
  <testcase classname="execution.Execution" name="ProductList_Stonepattern">
    <skipped/>
  </testcase> <!-- ProductList_Stonepattern -->
  <system-out/>
  <testcase classname="execution.Execution" name="Invalid_Logintest">
    <skipped/>
  </testcase> <!-- Invalid_Logintest -->
  <system-out/>
  <testcase classname="execution.Execution" name="Logintest">
    <skipped/>
  </testcase> <!-- Logintest -->
  <system-out/>
  <testcase classname="execution.Execution" name="ProductList_Flower">
    <skipped/>
  </testcase> <!-- ProductList_Flower -->
  <system-out/>
  <testcase classname="execution.Execution" name="Checkout_test">
    <skipped/>
  </testcase> <!-- Checkout_test -->
  <system-out/>
  <testcase classname="execution.Execution" name="ProductList_abstractnature">
    <skipped/>
  </testcase> <!-- ProductList_abstractnature -->
  <system-out/>
  <testcase classname="execution.Execution" name="ProductList_WoodTexture">
    <skipped/>
  </testcase> <!-- ProductList_WoodTexture -->
  <system-out/>
  <testcase classname="execution.Execution" name="ProductList_Macronature">
    <skipped/>
  </testcase> <!-- ProductList_Macronature -->
  <system-out/>
  <testcase classname="execution.Execution" name="Product_Description">
    <skipped/>
  </testcase> <!-- Product_Description -->
  <system-out/>
  <testcase classname="execution.Execution" name="ProductList_Sky">
    <skipped/>
  </testcase> <!-- ProductList_Sky -->
  <system-out/>
  <testcase classname="execution.Execution" name="Billing_valid">
    <skipped/>
  </testcase> <!-- Billing_valid -->
  <system-out/>
  <testcase classname="execution.Execution" name="ProductList">
    <skipped/>
  </testcase> <!-- ProductList -->
  <system-out/>
</testsuite> <!-- execution.Execution -->
