<?xml version="1.0" encoding="UTF-8"?>
<!-- Generated by org.testng.reporters.JUnitReportReporter -->
<testsuite hostname="GOPINATH-LAP" failures="0" tests="6" name="execution.Smoke" time="52.949" errors="0" timestamp="2022-07-25T18:03:15 IST" skipped="5">
  <testcase classname="execution.Smoke" name="Checkout_test" time="52.949"/>
  <system-out/>
  <testcase classname="execution.Smoke" name="Billing_valid">
    <skipped/>
  </testcase> <!-- Billing_valid -->
  <system-out/>
  <testcase classname="execution.Smoke" name="Manual_upload">
    <skipped/>
  </testcase> <!-- Manual_upload -->
  <system-out/>
  <testcase classname="execution.Smoke" name="Product_Description">
    <skipped/>
  </testcase> <!-- Product_Description -->
  <system-out/>
  <testcase classname="execution.Smoke" name="Logintest">
    <skipped/>
  </testcase> <!-- Logintest -->
  <system-out/>
  <testcase classname="execution.Smoke" name="Invalid_Logintest">
    <skipped/>
  </testcase> <!-- Invalid_Logintest -->
  <system-out/>
</testsuite> <!-- execution.Smoke -->
